2023-03-15 10:16:34,917 [Worker-8: Loading available Gradle versions] INFO  o.e.b.c.i.u.g.PublishedGradleVersions - Gradle version information cache is up-to-date. Trying to read.
2023-03-15 10:17:01,404 [Worker-11: Importing Maven projects] INFO  o.e.m.c.i.l.LifecycleMappingFactory - Using org.eclipse.m2e.jdt.JarLifecycleMapping lifecycle mapping for MavenProject: com.bookbazaar:bookbazaar-1:0.0.1-SNAPSHOT @ C:\Users\ashis\Desktop\SpringBootBackend\Book-Bazaar-BackEnd-prasad\pom.xml.
2023-03-15 10:17:02,389 [Worker-11: Importing Maven projects] INFO  o.e.m.j.i.AbstractJavaProjectConfigurator - Adding source folder /Book-Bazaar-BackEnd-prasad/src/main/java
2023-03-15 10:17:02,390 [Worker-11: Importing Maven projects] INFO  o.e.m.j.i.AbstractJavaProjectConfigurator - Adding resource folder /Book-Bazaar-BackEnd-prasad/src/main/resources
2023-03-15 10:17:02,398 [Worker-11: Importing Maven projects] INFO  o.e.m.j.i.AbstractJavaProjectConfigurator - Adding resource folder /Book-Bazaar-BackEnd-prasad/src/main/resources
2023-03-15 10:17:02,404 [Worker-11: Importing Maven projects] INFO  o.e.m.j.i.AbstractJavaProjectConfigurator - Adding source folder /Book-Bazaar-BackEnd-prasad/src/test/java
2023-03-15 10:17:04,081 [Worker-11: Importing Maven projects] INFO  o.e.m.c.i.p.ProjectConfigurationManager - Imported and configured 1 project(s) in 3 sec
2023-03-15 10:22:19,891 [Worker-23: Building] INFO  o.e.m.c.i.l.LifecycleMappingFactory - Using org.eclipse.m2e.jdt.JarLifecycleMapping lifecycle mapping for MavenProject: com.bookbazaar:bookbazaar-1:0.0.1-SNAPSHOT @ C:\Users\ashis\Desktop\SpringBootBackend\Book-Bazaar-BackEnd-prasad\pom.xml.
2023-03-15 10:22:20,351 [Worker-23: Building] INFO  o.a.m.s.f.DefaultMavenResourcesFiltering - Copying 0 resource
2023-03-15 10:22:20,352 [Worker-23: Building] INFO  o.a.m.s.f.DefaultMavenResourcesFiltering - Copying 0 resource
2023-03-15 10:22:20,355 [Worker-23: Building] INFO  o.a.m.s.f.DefaultMavenResourcesFiltering - skip non existing resourceDirectory C:\Users\ashis\Desktop\SpringBootBackend\Book-Bazaar-BackEnd-prasad\src\test\resources
2023-03-15 10:22:21,902 [Worker-21: Building] INFO  o.a.m.s.f.DefaultMavenResourcesFiltering - Copying 1 resource
2023-03-15 10:22:21,926 [Worker-21: Building] INFO  o.a.m.s.f.DefaultMavenResourcesFiltering - Copying 0 resource
2023-03-15 10:22:21,930 [Worker-21: Building] INFO  o.a.m.s.f.DefaultMavenResourcesFiltering - skip non existing resourceDirectory C:\Users\ashis\Desktop\SpringBootBackend\Book-Bazaar-BackEnd-prasad\src\test\resources
2023-03-15 10:22:38,390 [Worker-21: Building] INFO  o.e.m.c.i.l.LifecycleMappingFactory - Using org.eclipse.m2e.jdt.JarLifecycleMapping lifecycle mapping for MavenProject: com.bookbazaar:bookbazaar-1:0.0.1-SNAPSHOT @ C:\Users\ashis\Desktop\SpringBootBackend\Book-Bazaar-BackEnd-prasad\pom.xml.
2023-03-15 10:22:38,795 [Worker-21: Building] INFO  o.a.m.s.f.DefaultMavenResourcesFiltering - Copying 0 resource
2023-03-15 10:22:38,796 [Worker-21: Building] INFO  o.a.m.s.f.DefaultMavenResourcesFiltering - Copying 0 resource
2023-03-15 10:22:38,800 [Worker-21: Building] INFO  o.a.m.s.f.DefaultMavenResourcesFiltering - skip non existing resourceDirectory C:\Users\ashis\Desktop\SpringBootBackend\Book-Bazaar-BackEnd-prasad\src\test\resources
2023-03-15 10:22:40,175 [Worker-23: Building] INFO  o.a.m.s.f.DefaultMavenResourcesFiltering - Copying 1 resource
2023-03-15 10:22:40,193 [Worker-23: Building] INFO  o.a.m.s.f.DefaultMavenResourcesFiltering - Copying 0 resource
2023-03-15 10:22:40,197 [Worker-23: Building] INFO  o.a.m.s.f.DefaultMavenResourcesFiltering - skip non existing resourceDirectory C:\Users\ashis\Desktop\SpringBootBackend\Book-Bazaar-BackEnd-prasad\src\test\resources
2023-03-15 11:47:12,328 [Worker-43: Building] INFO  o.a.m.s.f.DefaultMavenResourcesFiltering - Copying 1 resource
2023-03-15 11:47:12,393 [Worker-43: Building] INFO  o.a.m.s.f.DefaultMavenResourcesFiltering - Copying 0 resource
2023-03-15 11:47:12,397 [Worker-43: Building] INFO  o.a.m.s.f.DefaultMavenResourcesFiltering - skip non existing resourceDirectory C:\Users\ashis\Desktop\SpringBootBackend\Book-Bazaar-BackEnd-prasad\src\test\resources
2023-03-15 11:53:57,351 [Worker-46: Building] INFO  o.a.m.s.f.DefaultMavenResourcesFiltering - Copying 1 resource
2023-03-15 11:53:57,359 [Worker-46: Building] INFO  o.a.m.s.f.DefaultMavenResourcesFiltering - Copying 0 resource
2023-03-15 11:53:57,363 [Worker-46: Building] INFO  o.a.m.s.f.DefaultMavenResourcesFiltering - skip non existing resourceDirectory C:\Users\ashis\Desktop\SpringBootBackend\Book-Bazaar-BackEnd-prasad\src\test\resources
2023-03-15 11:55:57,794 [Worker-47: Building] INFO  o.a.m.s.f.DefaultMavenResourcesFiltering - Copying 1 resource
2023-03-15 11:55:57,799 [Worker-47: Building] INFO  o.a.m.s.f.DefaultMavenResourcesFiltering - Copying 0 resource
2023-03-15 11:55:57,802 [Worker-47: Building] INFO  o.a.m.s.f.DefaultMavenResourcesFiltering - skip non existing resourceDirectory C:\Users\ashis\Desktop\SpringBootBackend\Book-Bazaar-BackEnd-prasad\src\test\resources
2023-03-15 15:36:44,204 [Worker-4: Loading available Gradle versions] INFO  o.e.b.c.i.u.g.PublishedGradleVersions - Gradle version information cache is up-to-date. Trying to read.
2023-03-15 18:12:32,892 [Worker-4: Loading available Gradle versions] INFO  o.e.b.c.i.u.g.PublishedGradleVersions - Gradle version information cache is up-to-date. Trying to read.
2023-03-15 23:21:44,960 [Worker-4: Loading available Gradle versions] INFO  o.e.b.c.i.u.g.PublishedGradleVersions - Gradle version information cache is up-to-date. Trying to read.
2023-03-16 08:41:44,597 [Worker-8: Loading available Gradle versions] INFO  o.e.b.c.i.u.g.PublishedGradleVersions - Gradle version information cache is out-of-date. Trying to update.
2023-03-16 08:41:44,894 [Worker-8: Loading available Gradle versions] INFO  o.e.b.c.i.u.g.PublishedGradleVersions - Updating Gradle version information cache failed. Using outdated cache.
2023-03-16 09:55:01,615 [Worker-40: Building] INFO  o.a.m.s.f.DefaultMavenResourcesFiltering - Copying 1 resource
2023-03-16 09:55:01,647 [Worker-40: Building] INFO  o.a.m.s.f.DefaultMavenResourcesFiltering - Copying 0 resource
2023-03-16 09:55:01,651 [Worker-40: Building] INFO  o.a.m.s.f.DefaultMavenResourcesFiltering - skip non existing resourceDirectory C:\Users\ashis\Desktop\SpringBootBackend\Book-Bazaar-BackEnd-prasad\src\test\resources
2023-03-16 09:55:42,392 [Worker-39: Building] INFO  o.a.m.s.f.DefaultMavenResourcesFiltering - Copying 1 resource
2023-03-16 09:55:42,397 [Worker-39: Building] INFO  o.a.m.s.f.DefaultMavenResourcesFiltering - Copying 0 resource
2023-03-16 09:55:42,401 [Worker-39: Building] INFO  o.a.m.s.f.DefaultMavenResourcesFiltering - skip non existing resourceDirectory C:\Users\ashis\Desktop\SpringBootBackend\Book-Bazaar-BackEnd-prasad\src\test\resources
2023-03-16 10:58:47,595 [Worker-47: Building] INFO  o.e.m.c.i.l.LifecycleMappingFactory - Using org.eclipse.m2e.jdt.JarLifecycleMapping lifecycle mapping for MavenProject: com.bookbazaar:bookbazaar-1:0.0.1-SNAPSHOT @ C:\Users\ashis\Desktop\SpringBootBackend\Book-Bazaar-BackEnd-prasad\pom.xml.
2023-03-16 10:58:49,029 [Worker-47: Building] INFO  o.e.m.c.i.e.AbstractTransferListenerAdapter - Downloading https://repo.maven.apache.org/maven2/org/mindrot/jbcrypt/0.3m/jbcrypt-0.3m.pom
2023-03-16 10:58:49,130 [Worker-47: Building] INFO  o.e.m.c.i.e.AbstractTransferListenerAdapter - Downloaded https://repo.maven.apache.org/maven2/org/mindrot/jbcrypt/0.3m/jbcrypt-0.3m.pom
2023-03-16 10:58:49,208 [Worker-47: Building] INFO  o.e.m.c.i.e.AbstractTransferListenerAdapter - Downloading https://repo.maven.apache.org/maven2/org/mindrot/jbcrypt/0.3m/jbcrypt-0.3m.jar
2023-03-16 10:58:49,327 [Worker-47: Building] INFO  o.e.m.c.i.e.AbstractTransferListenerAdapter - Downloaded https://repo.maven.apache.org/maven2/org/mindrot/jbcrypt/0.3m/jbcrypt-0.3m.jar
2023-03-16 10:58:49,671 [Worker-47: Building] INFO  o.a.m.s.f.DefaultMavenResourcesFiltering - Copying 0 resource
2023-03-16 10:58:49,671 [Worker-47: Building] INFO  o.a.m.s.f.DefaultMavenResourcesFiltering - Copying 0 resource
2023-03-16 10:58:49,676 [Worker-47: Building] INFO  o.a.m.s.f.DefaultMavenResourcesFiltering - skip non existing resourceDirectory C:\Users\ashis\Desktop\SpringBootBackend\Book-Bazaar-BackEnd-prasad\src\test\resources
2023-03-16 10:58:51,286 [Worker-47: Download sources and javadoc] INFO  o.e.m.c.i.e.AbstractTransferListenerAdapter - Downloading https://repo.maven.apache.org/maven2/org/mindrot/jbcrypt/0.3m/jbcrypt-0.3m-sources.jar
2023-03-16 10:58:51,826 [Worker-3: Building] INFO  o.e.m.c.i.l.LifecycleMappingFactory - Using org.eclipse.m2e.jdt.JarLifecycleMapping lifecycle mapping for MavenProject: com.bookbazaar:bookbazaar-1:0.0.1-SNAPSHOT @ C:\Users\ashis\Desktop\SpringBootBackend\Book-Bazaar-BackEnd-prasad\pom.xml.
2023-03-16 10:58:52,026 [Worker-47: Download sources and javadoc] INFO  o.e.m.c.i.e.AbstractTransferListenerAdapter - Downloaded https://repo.maven.apache.org/maven2/org/mindrot/jbcrypt/0.3m/jbcrypt-0.3m-sources.jar
2023-03-16 10:58:52,031 [Worker-47: Download sources and javadoc] INFO  o.e.m.j.internal.DownloadSourcesJob - Downloaded sources for org.mindrot:jbcrypt:0.3m
2023-03-16 10:58:52,487 [Worker-3: Building] INFO  o.a.m.s.f.DefaultMavenResourcesFiltering - Copying 1 resource
2023-03-16 10:58:52,510 [Worker-3: Building] INFO  o.a.m.s.f.DefaultMavenResourcesFiltering - Copying 0 resource
2023-03-16 10:58:52,517 [Worker-3: Building] INFO  o.a.m.s.f.DefaultMavenResourcesFiltering - skip non existing resourceDirectory C:\Users\ashis\Desktop\SpringBootBackend\Book-Bazaar-BackEnd-prasad\src\test\resources
2023-03-16 10:58:53,019 [Worker-50: Building] INFO  o.a.m.s.f.DefaultMavenResourcesFiltering - Copying 0 resource
2023-03-16 10:58:53,020 [Worker-50: Building] INFO  o.a.m.s.f.DefaultMavenResourcesFiltering - Copying 0 resource
2023-03-16 10:58:53,026 [Worker-50: Building] INFO  o.a.m.s.f.DefaultMavenResourcesFiltering - skip non existing resourceDirectory C:\Users\ashis\Desktop\SpringBootBackend\Book-Bazaar-BackEnd-prasad\src\test\resources
2023-03-16 11:00:58,294 [Worker-47: Building] INFO  o.a.m.s.f.DefaultMavenResourcesFiltering - Copying 1 resource
2023-03-16 11:00:58,299 [Worker-47: Building] INFO  o.a.m.s.f.DefaultMavenResourcesFiltering - Copying 0 resource
2023-03-16 11:00:58,304 [Worker-47: Building] INFO  o.a.m.s.f.DefaultMavenResourcesFiltering - skip non existing resourceDirectory C:\Users\ashis\Desktop\SpringBootBackend\Book-Bazaar-BackEnd-prasad\src\test\resources
2023-03-16 11:01:10,049 [Worker-49: Building] INFO  o.a.m.s.f.DefaultMavenResourcesFiltering - Copying 1 resource
2023-03-16 11:01:10,054 [Worker-49: Building] INFO  o.a.m.s.f.DefaultMavenResourcesFiltering - Copying 0 resource
2023-03-16 11:01:10,056 [Worker-49: Building] INFO  o.a.m.s.f.DefaultMavenResourcesFiltering - skip non existing resourceDirectory C:\Users\ashis\Desktop\SpringBootBackend\Book-Bazaar-BackEnd-prasad\src\test\resources
2023-03-16 11:01:19,138 [Worker-51: Building] INFO  o.a.m.s.f.DefaultMavenResourcesFiltering - Copying 1 resource
2023-03-16 11:01:19,143 [Worker-51: Building] INFO  o.a.m.s.f.DefaultMavenResourcesFiltering - Copying 0 resource
2023-03-16 11:01:19,147 [Worker-51: Building] INFO  o.a.m.s.f.DefaultMavenResourcesFiltering - skip non existing resourceDirectory C:\Users\ashis\Desktop\SpringBootBackend\Book-Bazaar-BackEnd-prasad\src\test\resources
2023-03-16 11:03:20,084 [Worker-47: Building] INFO  o.a.m.s.f.DefaultMavenResourcesFiltering - Copying 1 resource
2023-03-16 11:03:20,090 [Worker-47: Building] INFO  o.a.m.s.f.DefaultMavenResourcesFiltering - Copying 0 resource
2023-03-16 11:03:20,093 [Worker-47: Building] INFO  o.a.m.s.f.DefaultMavenResourcesFiltering - skip non existing resourceDirectory C:\Users\ashis\Desktop\SpringBootBackend\Book-Bazaar-BackEnd-prasad\src\test\resources
2023-03-16 11:06:42,338 [Worker-48: Building] INFO  o.a.m.s.f.DefaultMavenResourcesFiltering - Copying 1 resource
2023-03-16 11:06:42,363 [Worker-48: Building] INFO  o.a.m.s.f.DefaultMavenResourcesFiltering - Copying 0 resource
2023-03-16 11:06:42,369 [Worker-48: Building] INFO  o.a.m.s.f.DefaultMavenResourcesFiltering - skip non existing resourceDirectory C:\Users\ashis\Desktop\SpringBootBackend\Book-Bazaar-BackEnd-prasad\src\test\resources
2023-03-16 11:34:34,092 [Worker-54: Building] INFO  o.a.m.s.f.DefaultMavenResourcesFiltering - Copying 1 resource
2023-03-16 11:34:34,116 [Worker-54: Building] INFO  o.a.m.s.f.DefaultMavenResourcesFiltering - Copying 0 resource
2023-03-16 11:34:34,126 [Worker-54: Building] INFO  o.a.m.s.f.DefaultMavenResourcesFiltering - skip non existing resourceDirectory C:\Users\ashis\Desktop\SpringBootBackend\Book-Bazaar-BackEnd-prasad\src\test\resources
2023-03-16 11:36:22,082 [Worker-53: Building] INFO  o.a.m.s.f.DefaultMavenResourcesFiltering - Copying 1 resource
2023-03-16 11:36:22,091 [Worker-53: Building] INFO  o.a.m.s.f.DefaultMavenResourcesFiltering - Copying 0 resource
2023-03-16 11:36:22,096 [Worker-53: Building] INFO  o.a.m.s.f.DefaultMavenResourcesFiltering - skip non existing resourceDirectory C:\Users\ashis\Desktop\SpringBootBackend\Book-Bazaar-BackEnd-prasad\src\test\resources
2023-03-16 11:38:16,738 [Worker-48: Building] INFO  o.a.m.s.f.DefaultMavenResourcesFiltering - Copying 1 resource
2023-03-16 11:38:16,746 [Worker-48: Building] INFO  o.a.m.s.f.DefaultMavenResourcesFiltering - Copying 0 resource
2023-03-16 11:38:16,751 [Worker-48: Building] INFO  o.a.m.s.f.DefaultMavenResourcesFiltering - skip non existing resourceDirectory C:\Users\ashis\Desktop\SpringBootBackend\Book-Bazaar-BackEnd-prasad\src\test\resources
2023-03-16 11:39:17,520 [Worker-53: Building] INFO  o.a.m.s.f.DefaultMavenResourcesFiltering - Copying 1 resource
2023-03-16 11:39:17,530 [Worker-53: Building] INFO  o.a.m.s.f.DefaultMavenResourcesFiltering - Copying 0 resource
2023-03-16 11:39:17,533 [Worker-53: Building] INFO  o.a.m.s.f.DefaultMavenResourcesFiltering - skip non existing resourceDirectory C:\Users\ashis\Desktop\SpringBootBackend\Book-Bazaar-BackEnd-prasad\src\test\resources
2023-03-16 11:56:49,314 [Worker-62: Building] INFO  o.a.m.s.f.DefaultMavenResourcesFiltering - Copying 1 resource
2023-03-16 11:56:49,331 [Worker-62: Building] INFO  o.a.m.s.f.DefaultMavenResourcesFiltering - Copying 0 resource
2023-03-16 11:56:49,336 [Worker-62: Building] INFO  o.a.m.s.f.DefaultMavenResourcesFiltering - skip non existing resourceDirectory C:\Users\ashis\Desktop\SpringBootBackend\Book-Bazaar-BackEnd-prasad\src\test\resources
2023-03-16 11:57:34,167 [Worker-62: Building] INFO  o.a.m.s.f.DefaultMavenResourcesFiltering - Copying 1 resource
2023-03-16 11:57:34,181 [Worker-62: Building] INFO  o.a.m.s.f.DefaultMavenResourcesFiltering - Copying 0 resource
2023-03-16 11:57:34,188 [Worker-62: Building] INFO  o.a.m.s.f.DefaultMavenResourcesFiltering - skip non existing resourceDirectory C:\Users\ashis\Desktop\SpringBootBackend\Book-Bazaar-BackEnd-prasad\src\test\resources
2023-03-16 12:00:55,125 [Worker-70: Building] INFO  o.a.m.s.f.DefaultMavenResourcesFiltering - Copying 1 resource
2023-03-16 12:00:55,134 [Worker-70: Building] INFO  o.a.m.s.f.DefaultMavenResourcesFiltering - Copying 0 resource
2023-03-16 12:00:55,139 [Worker-70: Building] INFO  o.a.m.s.f.DefaultMavenResourcesFiltering - skip non existing resourceDirectory C:\Users\ashis\Desktop\SpringBootBackend\Book-Bazaar-BackEnd-prasad\src\test\resources
2023-03-16 12:16:51,811 [Worker-75: Building] INFO  o.a.m.s.f.DefaultMavenResourcesFiltering - Copying 1 resource
2023-03-16 12:16:51,827 [Worker-75: Building] INFO  o.a.m.s.f.DefaultMavenResourcesFiltering - Copying 0 resource
2023-03-16 12:16:51,834 [Worker-75: Building] INFO  o.a.m.s.f.DefaultMavenResourcesFiltering - skip non existing resourceDirectory C:\Users\ashis\Desktop\SpringBootBackend\Book-Bazaar-BackEnd-prasad\src\test\resources
2023-03-18 20:17:37,815 [Worker-1: Loading available Gradle versions] INFO  o.e.b.c.i.u.g.PublishedGradleVersions - Gradle version information cache is out-of-date. Trying to update.
2023-03-23 09:41:56,752 [Worker-4: Loading available Gradle versions] INFO  o.e.b.c.i.u.g.PublishedGradleVersions - Gradle version information cache is out-of-date. Trying to update.
2023-03-23 10:05:40,185 [Worker-40: Building] INFO  o.a.m.s.f.DefaultMavenResourcesFiltering - Copying 1 resource
2023-03-23 10:05:40,200 [Worker-40: Building] INFO  o.a.m.s.f.DefaultMavenResourcesFiltering - Copying 0 resource
2023-03-23 10:05:40,206 [Worker-40: Building] INFO  o.a.m.s.f.DefaultMavenResourcesFiltering - skip non existing resourceDirectory C:\Users\ashis\Desktop\SpringBootBackend\Book-Bazaar-BackEnd-prasad\src\test\resources
2023-03-28 11:05:06,082 [Worker-4: Loading available Gradle versions] INFO  o.e.b.c.i.u.g.PublishedGradleVersions - Gradle version information cache is out-of-date. Trying to update.
